ERROR - 2022-01-01 10:22:25 --> Error connecting to the database: Unknown database 'tdv'
CRITICAL - 2022-01-01 10:22:25 --> Unable to connect to the database.
Main connection [MySQLi]: Unknown database 'tdv'
#0 D:\xampp\htdocs\tdv\system\Database\BaseConnection.php(577): CodeIgniter\Database\BaseConnection->initialize()
#1 D:\xampp\htdocs\tdv\system\Database\BaseBuilder.php(1443): CodeIgniter\Database\BaseConnection->query('SELECT *\nFROM `...', Array, false)
#2 D:\xampp\htdocs\tdv\system\Model.php(210): CodeIgniter\Database\BaseBuilder->get()
#3 D:\xampp\htdocs\tdv\system\BaseModel.php(622): CodeIgniter\Model->doFirst()
#4 D:\xampp\htdocs\tdv\app\Controllers\Web.php(23): CodeIgniter\BaseModel->first()
#5 D:\xampp\htdocs\tdv\system\CodeIgniter.php(801): App\Controllers\Web->__construct()
#6 D:\xampp\htdocs\tdv\system\CodeIgniter.php(401): CodeIgniter\CodeIgniter->createController()
#7 D:\xampp\htdocs\tdv\system\CodeIgniter.php(318): CodeIgniter\CodeIgniter->handleRequest(NULL, Object(Config\Cache), false)
#8 D:\xampp\htdocs\tdv\public\index.php(37): CodeIgniter\CodeIgniter->run()
#9 {main}
ERROR - 2022-01-01 10:22:54 --> Table 'tdv.configuration' doesn't exist
CRITICAL - 2022-01-01 10:22:54 --> Table 'tdv.configuration' doesn't exist
#0 D:\xampp\htdocs\tdv\system\Database\MySQLi\Connection.php(292): mysqli->query('SELECT *\nFROM `...', 0)
#1 D:\xampp\htdocs\tdv\system\Database\BaseConnection.php(670): CodeIgniter\Database\MySQLi\Connection->execute('SELECT *\nFROM `...')
#2 D:\xampp\htdocs\tdv\system\Database\BaseConnection.php(598): CodeIgniter\Database\BaseConnection->simpleQuery('SELECT *\nFROM `...')
#3 D:\xampp\htdocs\tdv\system\Database\BaseBuilder.php(1443): CodeIgniter\Database\BaseConnection->query('SELECT *\nFROM `...', Array, false)
#4 D:\xampp\htdocs\tdv\system\Model.php(210): CodeIgniter\Database\BaseBuilder->get()
#5 D:\xampp\htdocs\tdv\system\BaseModel.php(622): CodeIgniter\Model->doFirst()
#6 D:\xampp\htdocs\tdv\app\Controllers\Web.php(23): CodeIgniter\BaseModel->first()
#7 D:\xampp\htdocs\tdv\system\CodeIgniter.php(801): App\Controllers\Web->__construct()
#8 D:\xampp\htdocs\tdv\system\CodeIgniter.php(401): CodeIgniter\CodeIgniter->createController()
#9 D:\xampp\htdocs\tdv\system\CodeIgniter.php(318): CodeIgniter\CodeIgniter->handleRequest(NULL, Object(Config\Cache), false)
#10 D:\xampp\htdocs\tdv\public\index.php(37): CodeIgniter\CodeIgniter->run()
#11 {main}
